{"numFailedTestSuites":0,"numFailedTests":0,"numPassedTestSuites":5,"numPassedTests":18,"numPendingTestSuites":0,"numPendingTests":0,"numRuntimeErrorTestSuites":0,"numTodoTests":0,"numTotalTestSuites":5,"numTotalTests":18,"openHandles":[],"snapshot":{"added":0,"didUpdate":false,"failure":false,"filesAdded":0,"filesRemoved":0,"filesRemovedList":[],"filesUnmatched":0,"filesUpdated":0,"matched":0,"total":0,"unchecked":0,"uncheckedKeysByFile":[],"unmatched":0,"updated":0},"startTime":1775645295794,"success":true,"testResults":[{"assertionResults":[{"ancestorTitles":["Test Infrastructure"],"duration":13,"failureDetails":[],"failureMessages":[],"fullName":"Test Infrastructure should work","invocations":1,"location":null,"numPassingAsserts":1,"retryReasons":[],"status":"passed","title":"should work"},{"ancestorTitles":["Test Infrastructure"],"duration":1,"failureDetails":[],"failureMessages":[],"fullName":"Test Infrastructure should have jest-dom matchers","invocations":1,"location":null,"numPassingAsserts":1,"retryReasons":[],"status":"passed","title":"should have jest-dom matchers"}],"endTime":1775645299318,"message":"","name":"D:\\ai-avatar-market\\app\\lib\\__tests__\\sanity.test.ts","startTime":1775645298017,"status":"passed","summary":""},{"assertionResults":[{"ancestorTitles":["cn"],"duration":20,"failureDetails":[],"failureMessages":[],"fullName":"cn should merge multiple class names","invocations":1,"location":null,"numPassingAsserts":1,"retryReasons":[],"status":"passed","title":"should merge multiple class names"},{"ancestorTitles":["cn"],"duration":1,"failureDetails":[],"failureMessages":[],"fullName":"cn should filter out falsy values","invocations":1,"location":null,"numPassingAsserts":1,"retryReasons":[],"status":"passed","title":"should filter out falsy values"},{"ancestorTitles":["cn"],"duration":1,"failureDetails":[],"failureMessages":[],"fullName":"cn should handle conditional classes","invocations":1,"location":null,"numPassingAsserts":1,"retryReasons":[],"status":"passed","title":"should handle conditional classes"},{"ancestorTitles":["cn"],"duration":1,"failureDetails":[],"failureMessages":[],"fullName":"cn should merge tailwind classes correctly","invocations":1,"location":null,"numPassingAsserts":1,"retryReasons":[],"status":"passed","title":"should merge tailwind classes correctly"}],"endTime":1775645299346,"message":"","name":"D:\\ai-avatar-market\\app\\lib\\utils.test.ts","startTime":1775645298023,"status":"passed","summary":""},{"assertionResults":[{"ancestorTitles":["Avatars API","GET /api/avatars"],"duration":15,"failureDetails":[],"failureMessages":[],"fullName":"Avatars API GET /api/avatars should return list of active avatars","invocations":1,"location":null,"numPassingAsserts":3,"retryReasons":[],"status":"passed","title":"should return list of active avatars"},{"ancestorTitles":["Avatars API","GET /api/avatars"],"duration":3,"failureDetails":[],"failureMessages":[],"fullName":"Avatars API GET /api/avatars should filter by query parameter","invocations":1,"location":null,"numPassingAsserts":2,"retryReasons":[],"status":"passed","title":"should filter by query parameter"},{"ancestorTitles":["Avatars API","POST /api/avatars"],"duration":3,"failureDetails":[],"failureMessages":[],"fullName":"Avatars API POST /api/avatars should create avatar when authenticated","invocations":1,"location":null,"numPassingAsserts":3,"retryReasons":[],"status":"passed","title":"should create avatar when authenticated"},{"ancestorTitles":["Avatars API","POST /api/avatars"],"duration":1,"failureDetails":[],"failureMessages":[],"fullName":"Avatars API POST /api/avatars should return 401 when not authenticated","invocations":1,"location":null,"numPassingAsserts":1,"retryReasons":[],"status":"passed","title":"should return 401 when not authenticated"}],"endTime":1775645299356,"message":"","name":"D:\\ai-avatar-market\\app\\api\\avatars\\route.test.ts","startTime":1775645297941,"status":"passed","summary":""},{"assertionResults":[{"ancestorTitles":["Auth API","POST /api/auth (register)"],"duration":14,"failureDetails":[],"failureMessages":[],"fullName":"Auth API POST /api/auth (register) should register new user successfully","invocations":1,"location":null,"numPassingAsserts":4,"retryReasons":[],"status":"passed","title":"should register new user successfully"},{"ancestorTitles":["Auth API","POST /api/auth (register)"],"duration":1,"failureDetails":[],"failureMessages":[],"fullName":"Auth API POST /api/auth (register) should return 400 for existing user","invocations":1,"location":null,"numPassingAsserts":1,"retryReasons":[],"status":"passed","title":"should return 400 for existing user"},{"ancestorTitles":["Auth API","POST /api/auth (login)"],"duration":2,"failureDetails":[],"failureMessages":[],"fullName":"Auth API POST /api/auth (login) should login with valid credentials","invocations":1,"location":null,"numPassingAsserts":3,"retryReasons":[],"status":"passed","title":"should login with valid credentials"},{"ancestorTitles":["Auth API","POST /api/auth (login)"],"duration":1,"failureDetails":[],"failureMessages":[],"fullName":"Auth API POST /api/auth (login) should return 400 for invalid credentials","invocations":1,"location":null,"numPassingAsserts":1,"retryReasons":[],"status":"passed","title":"should return 400 for invalid credentials"}],"endTime":1775645299360,"message":"","name":"D:\\ai-avatar-market\\app\\api\\auth\\route.test.ts","startTime":1775645297935,"status":"passed","summary":""},{"assertionResults":[{"ancestorTitles":["JWT","sign"],"duration":11,"failureDetails":[],"failureMessages":[],"fullName":"JWT sign should sign a payload and return token","invocations":1,"location":null,"numPassingAsserts":2,"retryReasons":[],"status":"passed","title":"should sign a payload and return token"},{"ancestorTitles":["JWT","sign"],"duration":3,"failureDetails":[],"failureMessages":[],"fullName":"JWT sign should include payload data in token","invocations":1,"location":null,"numPassingAsserts":2,"retryReasons":[],"status":"passed","title":"should include payload data in token"},{"ancestorTitles":["JWT","verify"],"duration":2,"failureDetails":[],"failureMessages":[],"fullName":"JWT verify should verify valid token","invocations":1,"location":null,"numPassingAsserts":1,"retryReasons":[],"status":"passed","title":"should verify valid token"},{"ancestorTitles":["JWT","verify"],"duration":9,"failureDetails":[],"failureMessages":[],"fullName":"JWT verify should throw error for invalid token","invocations":1,"location":null,"numPassingAsserts":1,"retryReasons":[],"status":"passed","title":"should throw error for invalid token"}],"endTime":1775645299439,"message":"","name":"D:\\ai-avatar-market\\app\\lib\\jwt.test.ts","startTime":1775645297957,"status":"passed","summary":""}],"wasInterrupted":false}
