{"D:\\ai-avatar-market\\lib\\auth.ts": {"path":"D:\\ai-avatar-market\\lib\\auth.ts","statementMap":{"0":{"start":{"line":4,"column":19},"end":{"line":4,"column":62}},"1":{"start":{"line":12,"column":2},"end":{"line":24,"column":3}},"2":{"start":{"line":13,"column":23},"end":{"line":13,"column":59}},"3":{"start":{"line":14,"column":4},"end":{"line":16,"column":5}},"4":{"start":{"line":15,"column":6},"end":{"line":15,"column":18}},"5":{"start":{"line":18,"column":18},"end":{"line":18,"column":41}},"6":{"start":{"line":19,"column":20},"end":{"line":19,"column":64}},"7":{"start":{"line":21,"column":4},"end":{"line":21,"column":19}},"8":{"start":{"line":23,"column":4},"end":{"line":23,"column":16}},"9":{"start":{"line":28,"column":2},"end":{"line":28,"column":60}}},"fnMap":{"0":{"name":"verifyAuth","decl":{"start":{"line":11,"column":22},"end":{"line":11,"column":32}},"loc":{"start":{"line":11,"column":84},"end":{"line":25,"column":1}},"line":11},"1":{"name":"generateToken","decl":{"start":{"line":27,"column":16},"end":{"line":27,"column":29}},"loc":{"start":{"line":27,"column":60},"end":{"line":29,"column":1}},"line":27}},"branchMap":{"0":{"loc":{"start":{"line":4,"column":19},"end":{"line":4,"column":62}},"type":"binary-expr","locations":[{"start":{"line":4,"column":19},"end":{"line":4,"column":41}},{"start":{"line":4,"column":45},"end":{"line":4,"column":62}}],"line":4},"1":{"loc":{"start":{"line":14,"column":4},"end":{"line":16,"column":5}},"type":"if","locations":[{"start":{"line":14,"column":4},"end":{"line":16,"column":5}},{"start":{},"end":{}}],"line":14}},"s":{"0":0,"1":0,"2":0,"3":0,"4":0,"5":0,"6":0,"7":0,"8":0,"9":0},"f":{"0":0,"1":0},"b":{"0":[0,0],"1":[0,0]}}
,"D:\\ai-avatar-market\\lib\\db\\index.ts": {"path":"D:\\ai-avatar-market\\lib\\db\\index.ts","statementMap":{"0":{"start":{"line":12,"column":17},"end":{"line":12,"column":49}},"1":{"start":{"line":15,"column":0},"end":{"line":17,"column":1}},"2":{"start":{"line":16,"column":2},"end":{"line":16,"column":46}},"3":{"start":{"line":20,"column":14},"end":{"line":27,"column":1}},"4":{"start":{"line":31,"column":2},"end":{"line":34,"column":3}},"5":{"start":{"line":32,"column":4},"end":{"line":32,"column":70}},"6":{"start":{"line":33,"column":4},"end":{"line":33,"column":24}},"7":{"start":{"line":35,"column":2},"end":{"line":40,"column":3}},"8":{"start":{"line":36,"column":17},"end":{"line":36,"column":51}},"9":{"start":{"line":37,"column":4},"end":{"line":37,"column":28}},"10":{"start":{"line":39,"column":4},"end":{"line":39,"column":24}},"11":{"start":{"line":45,"column":2},"end":{"line":45,"column":42}},"12":{"start":{"line":50,"column":2},"end":{"line":50,"column":60}},"13":{"start":{"line":56,"column":22},"end":{"line":95,"column":1}},"14":{"start":{"line":58,"column":4},"end":{"line":58,"column":37}},"15":{"start":{"line":62,"column":4},"end":{"line":62,"column":48}},"16":{"start":{"line":62,"column":35},"end":{"line":62,"column":46}},"17":{"start":{"line":66,"column":4},"end":{"line":66,"column":54}},"18":{"start":{"line":66,"column":35},"end":{"line":66,"column":52}},"19":{"start":{"line":70,"column":18},"end":{"line":70,"column":31}},"20":{"start":{"line":71,"column":26},"end":{"line":81,"column":5}},"21":{"start":{"line":82,"column":4},"end":{"line":82,"column":24}},"22":{"start":{"line":83,"column":4},"end":{"line":83,"column":34}},"23":{"start":{"line":84,"column":4},"end":{"line":84,"column":19}},"24":{"start":{"line":88,"column":18},"end":{"line":88,"column":31}},"25":{"start":{"line":89,"column":18},"end":{"line":89,"column":51}},"26":{"start":{"line":89,"column":39},"end":{"line":89,"column":50}},"27":{"start":{"line":90,"column":4},"end":{"line":90,"column":39}},"28":{"start":{"line":90,"column":22},"end":{"line":90,"column":39}},"29":{"start":{"line":91,"column":4},"end":{"line":91,"column":51}},"30":{"start":{"line":92,"column":4},"end":{"line":92,"column":34}},"31":{"start":{"line":93,"column":4},"end":{"line":93,"column":24}},"32":{"start":{"line":100,"column":24},"end":{"line":179,"column":1}},"33":{"start":{"line":102,"column":4},"end":{"line":102,"column":39}},"34":{"start":{"line":106,"column":4},"end":{"line":106,"column":48}},"35":{"start":{"line":106,"column":35},"end":{"line":106,"column":46}},"36":{"start":{"line":110,"column":4},"end":{"line":110,"column":64}},"37":{"start":{"line":110,"column":37},"end":{"line":110,"column":62}},"38":{"start":{"line":114,"column":4},"end":{"line":114,"column":60}},"39":{"start":{"line":114,"column":37},"end":{"line":114,"column":58}},"40":{"start":{"line":118,"column":20},"end":{"line":118,"column":33}},"41":{"start":{"line":119,"column":30},"end":{"line":131,"column":5}},"42":{"start":{"line":132,"column":4},"end":{"line":132,"column":28}},"43":{"start":{"line":133,"column":4},"end":{"line":133,"column":38}},"44":{"start":{"line":134,"column":4},"end":{"line":134,"column":21}},"45":{"start":{"line":138,"column":20},"end":{"line":138,"column":33}},"46":{"start":{"line":139,"column":18},"end":{"line":139,"column":53}},"47":{"start":{"line":139,"column":41},"end":{"line":139,"column":52}},"48":{"start":{"line":140,"column":4},"end":{"line":140,"column":39}},"49":{"start":{"line":140,"column":22},"end":{"line":140,"column":39}},"50":{"start":{"line":141,"column":4},"end":{"line":145,"column":6}},"51":{"start":{"line":146,"column":4},"end":{"line":146,"column":38}},"52":{"start":{"line":147,"column":4},"end":{"line":147,"column":26}},"53":{"start":{"line":151,"column":18},"end":{"line":151,"column":34}},"54":{"start":{"line":153,"column":4},"end":{"line":160,"column":5}},"55":{"start":{"line":154,"column":16},"end":{"line":154,"column":35}},"56":{"start":{"line":155,"column":6},"end":{"line":159,"column":8}},"57":{"start":{"line":156,"column":8},"end":{"line":158,"column":70}},"58":{"start":{"line":158,"column":42},"end":{"line":158,"column":69}},"59":{"start":{"line":162,"column":4},"end":{"line":169,"column":5}},"60":{"start":{"line":164,"column":20},"end":{"line":164,"column":35}},"61":{"start":{"line":165,"column":25},"end":{"line":167,"column":23}},"62":{"start":{"line":166,"column":21},"end":{"line":166,"column":65}},"63":{"start":{"line":167,"column":18},"end":{"line":167,"column":22}},"64":{"start":{"line":168,"column":6},"end":{"line":168,"column":70}},"65":{"start":{"line":168,"column":36},"end":{"line":168,"column":68}},"66":{"start":{"line":171,"column":4},"end":{"line":175,"column":5}},"67":{"start":{"line":172,"column":6},"end":{"line":174,"column":8}},"68":{"start":{"line":173,"column":8},"end":{"line":173,"column":73}},"69":{"start":{"line":173,"column":37},"end":{"line":173,"column":72}},"70":{"start":{"line":177,"column":4},"end":{"line":177,"column":19}},"71":{"start":{"line":184,"column":22},"end":{"line":255,"column":1}},"72":{"start":{"line":186,"column":4},"end":{"line":186,"column":37}},"73":{"start":{"line":190,"column":4},"end":{"line":190,"column":48}},"74":{"start":{"line":190,"column":35},"end":{"line":190,"column":46}},"75":{"start":{"line":194,"column":4},"end":{"line":194,"column":62}},"76":{"start":{"line":194,"column":37},"end":{"line":194,"column":60}},"77":{"start":{"line":198,"column":4},"end":{"line":198,"column":64}},"78":{"start":{"line":198,"column":37},"end":{"line":198,"column":62}},"79":{"start":{"line":202,"column":4},"end":{"line":202,"column":62}},"80":{"start":{"line":202,"column":37},"end":{"line":202,"column":60}},"81":{"start":{"line":206,"column":4},"end":{"line":209,"column":6}},"82":{"start":{"line":207,"column":6},"end":{"line":208,"column":33}},"83":{"start":{"line":213,"column":4},"end":{"line":216,"column":6}},"84":{"start":{"line":214,"column":6},"end":{"line":215,"column":89}},"85":{"start":{"line":220,"column":18},"end":{"line":220,"column":31}},"86":{"start":{"line":221,"column":16},"end":{"line":221,"column":40}},"87":{"start":{"line":222,"column":26},"end":{"line":241,"column":5}},"88":{"start":{"line":242,"column":4},"end":{"line":242,"column":24}},"89":{"start":{"line":243,"column":4},"end":{"line":243,"column":34}},"90":{"start":{"line":244,"column":4},"end":{"line":244,"column":19}},"91":{"start":{"line":248,"column":18},"end":{"line":248,"column":31}},"92":{"start":{"line":249,"column":18},"end":{"line":249,"column":51}},"93":{"start":{"line":249,"column":39},"end":{"line":249,"column":50}},"94":{"start":{"line":250,"column":4},"end":{"line":250,"column":39}},"95":{"start":{"line":250,"column":22},"end":{"line":250,"column":39}},"96":{"start":{"line":251,"column":4},"end":{"line":251,"column":51}},"97":{"start":{"line":252,"column":4},"end":{"line":252,"column":34}},"98":{"start":{"line":253,"column":4},"end":{"line":253,"column":24}},"99":{"start":{"line":260,"column":25},"end":{"line":277,"column":1}},"100":{"start":{"line":262,"column":32},"end":{"line":262,"column":60}},"101":{"start":{"line":263,"column":4},"end":{"line":263,"column":53}},"102":{"start":{"line":263,"column":32},"end":{"line":263,"column":51}},"103":{"start":{"line":267,"column":32},"end":{"line":267,"column":60}},"104":{"start":{"line":268,"column":32},"end":{"line":272,"column":5}},"105":{"start":{"line":273,"column":4},"end":{"line":273,"column":30}},"106":{"start":{"line":274,"column":4},"end":{"line":274,"column":40}},"107":{"start":{"line":275,"column":4},"end":{"line":275,"column":22}},"108":{"start":{"line":282,"column":24},"end":{"line":306,"column":1}},"109":{"start":{"line":284,"column":30},"end":{"line":284,"column":57}},"110":{"start":{"line":285,"column":4},"end":{"line":285,"column":50}},"111":{"start":{"line":285,"column":29},"end":{"line":285,"column":48}},"112":{"start":{"line":289,"column":30},"end":{"line":289,"column":57}},"113":{"start":{"line":290,"column":4},"end":{"line":292,"column":6}},"114":{"start":{"line":291,"column":6},"end":{"line":291,"column":60}},"115":{"start":{"line":296,"column":30},"end":{"line":296,"column":57}},"116":{"start":{"line":297,"column":30},"end":{"line":301,"column":5}},"117":{"start":{"line":302,"column":4},"end":{"line":302,"column":28}},"118":{"start":{"line":303,"column":4},"end":{"line":303,"column":38}},"119":{"start":{"line":304,"column":4},"end":{"line":304,"column":21}},"120":{"start":{"line":311,"column":30},"end":{"line":343,"column":1}},"121":{"start":{"line":313,"column":42},"end":{"line":313,"column":75}},"122":{"start":{"line":314,"column":4},"end":{"line":316,"column":89}},"123":{"start":{"line":315,"column":19},"end":{"line":315,"column":38}},"124":{"start":{"line":316,"column":22},"end":{"line":316,"column":87}},"125":{"start":{"line":320,"column":4},"end":{"line":320,"column":55}},"126":{"start":{"line":320,"column":46},"end":{"line":320,"column":53}},"127":{"start":{"line":324,"column":42},"end":{"line":324,"column":75}},"128":{"start":{"line":325,"column":42},"end":{"line":329,"column":5}},"129":{"start":{"line":330,"column":4},"end":{"line":330,"column":40}},"130":{"start":{"line":331,"column":4},"end":{"line":331,"column":50}},"131":{"start":{"line":332,"column":4},"end":{"line":332,"column":27}},"132":{"start":{"line":336,"column":42},"end":{"line":336,"column":75}},"133":{"start":{"line":337,"column":18},"end":{"line":337,"column":59}},"134":{"start":{"line":337,"column":47},"end":{"line":337,"column":58}},"135":{"start":{"line":338,"column":4},"end":{"line":341,"column":5}},"136":{"start":{"line":339,"column":6},"end":{"line":339,"column":39}},"137":{"start":{"line":340,"column":6},"end":{"line":340,"column":52}},"138":{"start":{"line":348,"column":27},"end":{"line":394,"column":1}},"139":{"start":{"line":350,"column":18},"end":{"line":350,"column":48}},"140":{"start":{"line":351,"column":16},"end":{"line":351,"column":26}},"141":{"start":{"line":352,"column":18},"end":{"line":352,"column":49}},"142":{"start":{"line":353,"column":20},"end":{"line":353,"column":83}},"143":{"start":{"line":354,"column":21},"end":{"line":354,"column":85}},"144":{"start":{"line":356,"column":23},"end":{"line":356,"column":80}},"145":{"start":{"line":356,"column":41},"end":{"line":356,"column":79}},"146":{"start":{"line":357,"column":22},"end":{"line":357,"column":71}},"147":{"start":{"line":357,"column":40},"end":{"line":357,"column":70}},"148":{"start":{"line":358,"column":23},"end":{"line":358,"column":73}},"149":{"start":{"line":358,"column":41},"end":{"line":358,"column":72}},"150":{"start":{"line":360,"column":20},"end":{"line":360,"column":52}},"151":{"start":{"line":362,"column":4},"end":{"line":392,"column":6}},"152":{"start":{"line":364,"column":48},"end":{"line":364,"column":79}},"153":{"start":{"line":366,"column":41},"end":{"line":366,"column":63}},"154":{"start":{"line":369,"column":47},"end":{"line":369,"column":78}},"155":{"start":{"line":371,"column":47},"end":{"line":371,"column":94}},"156":{"start":{"line":374,"column":48},"end":{"line":374,"column":79}},"157":{"start":{"line":377,"column":40},"end":{"line":377,"column":67}},"158":{"start":{"line":379,"column":8},"end":{"line":379,"column":91}},"159":{"start":{"line":382,"column":19},"end":{"line":389,"column":9}},"160":{"start":{"line":386,"column":25},"end":{"line":386,"column":79}},"161":{"start":{"line":387,"column":32},"end":{"line":387,"column":63}},"162":{"start":{"line":388,"column":35},"end":{"line":388,"column":82}},"163":{"start":{"line":390,"column":24},"end":{"line":390,"column":47}},"164":{"start":{"line":397,"column":18},"end":{"line":405,"column":1}}},"fnMap":{"0":{"name":"initFile","decl":{"start":{"line":30,"column":9},"end":{"line":30,"column":17}},"loc":{"start":{"line":30,"column":63},"end":{"line":41,"column":1}},"line":30},"1":{"name":"readData","decl":{"start":{"line":44,"column":9},"end":{"line":44,"column":17}},"loc":{"start":{"line":44,"column":63},"end":{"line":46,"column":1}},"line":44},"2":{"name":"writeData","decl":{"start":{"line":49,"column":9},"end":{"line":49,"column":18}},"loc":{"start":{"line":49,"column":57},"end":{"line":51,"column":1}},"line":49},"3":{"name":"(anonymous_3)","decl":{"start":{"line":57,"column":2},"end":{"line":57,"column":3}},"loc":{"start":{"line":57,"column":19},"end":{"line":59,"column":3}},"line":57},"4":{"name":"(anonymous_4)","decl":{"start":{"line":61,"column":2},"end":{"line":61,"column":3}},"loc":{"start":{"line":61,"column":40},"end":{"line":63,"column":3}},"line":61},"5":{"name":"(anonymous_5)","decl":{"start":{"line":62,"column":30},"end":{"line":62,"column":31}},"loc":{"start":{"line":62,"column":35},"end":{"line":62,"column":46}},"line":62},"6":{"name":"(anonymous_6)","decl":{"start":{"line":65,"column":2},"end":{"line":65,"column":3}},"loc":{"start":{"line":65,"column":46},"end":{"line":67,"column":3}},"line":65},"7":{"name":"(anonymous_7)","decl":{"start":{"line":66,"column":30},"end":{"line":66,"column":31}},"loc":{"start":{"line":66,"column":35},"end":{"line":66,"column":52}},"line":66},"8":{"name":"(anonymous_8)","decl":{"start":{"line":69,"column":2},"end":{"line":69,"column":3}},"loc":{"start":{"line":69,"column":75},"end":{"line":85,"column":3}},"line":69},"9":{"name":"(anonymous_9)","decl":{"start":{"line":87,"column":2},"end":{"line":87,"column":3}},"loc":{"start":{"line":87,"column":63},"end":{"line":94,"column":3}},"line":87},"10":{"name":"(anonymous_10)","decl":{"start":{"line":89,"column":34},"end":{"line":89,"column":35}},"loc":{"start":{"line":89,"column":39},"end":{"line":89,"column":50}},"line":89},"11":{"name":"(anonymous_11)","decl":{"start":{"line":101,"column":2},"end":{"line":101,"column":3}},"loc":{"start":{"line":101,"column":21},"end":{"line":103,"column":3}},"line":101},"12":{"name":"(anonymous_12)","decl":{"start":{"line":105,"column":2},"end":{"line":105,"column":3}},"loc":{"start":{"line":105,"column":42},"end":{"line":107,"column":3}},"line":105},"13":{"name":"(anonymous_13)","decl":{"start":{"line":106,"column":30},"end":{"line":106,"column":31}},"loc":{"start":{"line":106,"column":35},"end":{"line":106,"column":46}},"line":106},"14":{"name":"(anonymous_14)","decl":{"start":{"line":109,"column":2},"end":{"line":109,"column":3}},"loc":{"start":{"line":109,"column":44},"end":{"line":111,"column":3}},"line":109},"15":{"name":"(anonymous_15)","decl":{"start":{"line":110,"column":32},"end":{"line":110,"column":33}},"loc":{"start":{"line":110,"column":37},"end":{"line":110,"column":62}},"line":110},"16":{"name":"(anonymous_16)","decl":{"start":{"line":113,"column":2},"end":{"line":113,"column":3}},"loc":{"start":{"line":113,"column":24},"end":{"line":115,"column":3}},"line":113},"17":{"name":"(anonymous_17)","decl":{"start":{"line":114,"column":32},"end":{"line":114,"column":33}},"loc":{"start":{"line":114,"column":37},"end":{"line":114,"column":58}},"line":114},"18":{"name":"(anonymous_18)","decl":{"start":{"line":117,"column":2},"end":{"line":117,"column":3}},"loc":{"start":{"line":117,"column":83},"end":{"line":135,"column":3}},"line":117},"19":{"name":"(anonymous_19)","decl":{"start":{"line":137,"column":2},"end":{"line":137,"column":3}},"loc":{"start":{"line":137,"column":67},"end":{"line":148,"column":3}},"line":137},"20":{"name":"(anonymous_20)","decl":{"start":{"line":139,"column":36},"end":{"line":139,"column":37}},"loc":{"start":{"line":139,"column":41},"end":{"line":139,"column":52}},"line":139},"21":{"name":"(anonymous_21)","decl":{"start":{"line":150,"column":2},"end":{"line":150,"column":3}},"loc":{"start":{"line":150,"column":89},"end":{"line":178,"column":3}},"line":150},"22":{"name":"(anonymous_22)","decl":{"start":{"line":155,"column":31},"end":{"line":155,"column":32}},"loc":{"start":{"line":156,"column":8},"end":{"line":158,"column":70}},"line":156},"23":{"name":"(anonymous_23)","decl":{"start":{"line":158,"column":37},"end":{"line":158,"column":38}},"loc":{"start":{"line":158,"column":42},"end":{"line":158,"column":69}},"line":158},"24":{"name":"(anonymous_24)","decl":{"start":{"line":166,"column":16},"end":{"line":166,"column":17}},"loc":{"start":{"line":166,"column":21},"end":{"line":166,"column":65}},"line":166},"25":{"name":"(anonymous_25)","decl":{"start":{"line":167,"column":13},"end":{"line":167,"column":14}},"loc":{"start":{"line":167,"column":18},"end":{"line":167,"column":22}},"line":167},"26":{"name":"(anonymous_26)","decl":{"start":{"line":168,"column":31},"end":{"line":168,"column":32}},"loc":{"start":{"line":168,"column":36},"end":{"line":168,"column":68}},"line":168},"27":{"name":"(anonymous_27)","decl":{"start":{"line":172,"column":31},"end":{"line":172,"column":32}},"loc":{"start":{"line":173,"column":8},"end":{"line":173,"column":73}},"line":173},"28":{"name":"(anonymous_28)","decl":{"start":{"line":173,"column":32},"end":{"line":173,"column":33}},"loc":{"start":{"line":173,"column":37},"end":{"line":173,"column":72}},"line":173},"29":{"name":"(anonymous_29)","decl":{"start":{"line":185,"column":2},"end":{"line":185,"column":3}},"loc":{"start":{"line":185,"column":19},"end":{"line":187,"column":3}},"line":185},"30":{"name":"(anonymous_30)","decl":{"start":{"line":189,"column":2},"end":{"line":189,"column":3}},"loc":{"start":{"line":189,"column":40},"end":{"line":191,"column":3}},"line":189},"31":{"name":"(anonymous_31)","decl":{"start":{"line":190,"column":30},"end":{"line":190,"column":31}},"loc":{"start":{"line":190,"column":35},"end":{"line":190,"column":46}},"line":190},"32":{"name":"(anonymous_32)","decl":{"start":{"line":193,"column":2},"end":{"line":193,"column":3}},"loc":{"start":{"line":193,"column":40},"end":{"line":195,"column":3}},"line":193},"33":{"name":"(anonymous_33)","decl":{"start":{"line":194,"column":32},"end":{"line":194,"column":33}},"loc":{"start":{"line":194,"column":37},"end":{"line":194,"column":60}},"line":194},"34":{"name":"(anonymous_34)","decl":{"start":{"line":197,"column":2},"end":{"line":197,"column":3}},"loc":{"start":{"line":197,"column":42},"end":{"line":199,"column":3}},"line":197},"35":{"name":"(anonymous_35)","decl":{"start":{"line":198,"column":32},"end":{"line":198,"column":33}},"loc":{"start":{"line":198,"column":37},"end":{"line":198,"column":62}},"line":198},"36":{"name":"(anonymous_36)","decl":{"start":{"line":201,"column":2},"end":{"line":201,"column":3}},"loc":{"start":{"line":201,"column":40},"end":{"line":203,"column":3}},"line":201},"37":{"name":"(anonymous_37)","decl":{"start":{"line":202,"column":32},"end":{"line":202,"column":33}},"loc":{"start":{"line":202,"column":37},"end":{"line":202,"column":60}},"line":202},"38":{"name":"(anonymous_38)","decl":{"start":{"line":205,"column":2},"end":{"line":205,"column":3}},"loc":{"start":{"line":205,"column":46},"end":{"line":210,"column":3}},"line":205},"39":{"name":"(anonymous_39)","decl":{"start":{"line":206,"column":32},"end":{"line":206,"column":33}},"loc":{"start":{"line":207,"column":6},"end":{"line":208,"column":33}},"line":207},"40":{"name":"(anonymous_40)","decl":{"start":{"line":212,"column":2},"end":{"line":212,"column":3}},"loc":{"start":{"line":212,"column":39},"end":{"line":217,"column":3}},"line":212},"41":{"name":"(anonymous_41)","decl":{"start":{"line":213,"column":32},"end":{"line":213,"column":33}},"loc":{"start":{"line":214,"column":6},"end":{"line":215,"column":89}},"line":214},"42":{"name":"(anonymous_42)","decl":{"start":{"line":219,"column":2},"end":{"line":219,"column":3}},"loc":{"start":{"line":219,"column":65},"end":{"line":245,"column":3}},"line":219},"43":{"name":"(anonymous_43)","decl":{"start":{"line":247,"column":2},"end":{"line":247,"column":3}},"loc":{"start":{"line":247,"column":63},"end":{"line":254,"column":3}},"line":247},"44":{"name":"(anonymous_44)","decl":{"start":{"line":249,"column":34},"end":{"line":249,"column":35}},"loc":{"start":{"line":249,"column":39},"end":{"line":249,"column":50}},"line":249},"45":{"name":"(anonymous_45)","decl":{"start":{"line":261,"column":2},"end":{"line":261,"column":3}},"loc":{"start":{"line":261,"column":39},"end":{"line":264,"column":3}},"line":261},"46":{"name":"(anonymous_46)","decl":{"start":{"line":263,"column":27},"end":{"line":263,"column":28}},"loc":{"start":{"line":263,"column":32},"end":{"line":263,"column":51}},"line":263},"47":{"name":"(anonymous_47)","decl":{"start":{"line":266,"column":2},"end":{"line":266,"column":3}},"loc":{"start":{"line":266,"column":62},"end":{"line":276,"column":3}},"line":266},"48":{"name":"(anonymous_48)","decl":{"start":{"line":283,"column":2},"end":{"line":283,"column":3}},"loc":{"start":{"line":283,"column":48},"end":{"line":286,"column":3}},"line":283},"49":{"name":"(anonymous_49)","decl":{"start":{"line":285,"column":24},"end":{"line":285,"column":25}},"loc":{"start":{"line":285,"column":29},"end":{"line":285,"column":48}},"line":285},"50":{"name":"(anonymous_50)","decl":{"start":{"line":288,"column":2},"end":{"line":288,"column":3}},"loc":{"start":{"line":288,"column":75},"end":{"line":293,"column":3}},"line":288},"51":{"name":"(anonymous_51)","decl":{"start":{"line":290,"column":26},"end":{"line":290,"column":27}},"loc":{"start":{"line":291,"column":6},"end":{"line":291,"column":60}},"line":291},"52":{"name":"(anonymous_52)","decl":{"start":{"line":295,"column":2},"end":{"line":295,"column":3}},"loc":{"start":{"line":295,"column":59},"end":{"line":305,"column":3}},"line":295},"53":{"name":"(anonymous_53)","decl":{"start":{"line":312,"column":2},"end":{"line":312,"column":3}},"loc":{"start":{"line":312,"column":44},"end":{"line":317,"column":3}},"line":312},"54":{"name":"(anonymous_54)","decl":{"start":{"line":315,"column":14},"end":{"line":315,"column":15}},"loc":{"start":{"line":315,"column":19},"end":{"line":315,"column":38}},"line":315},"55":{"name":"(anonymous_55)","decl":{"start":{"line":316,"column":12},"end":{"line":316,"column":13}},"loc":{"start":{"line":316,"column":22},"end":{"line":316,"column":87}},"line":316},"56":{"name":"(anonymous_56)","decl":{"start":{"line":319,"column":2},"end":{"line":319,"column":3}},"loc":{"start":{"line":319,"column":44},"end":{"line":321,"column":3}},"line":319},"57":{"name":"(anonymous_57)","decl":{"start":{"line":320,"column":41},"end":{"line":320,"column":42}},"loc":{"start":{"line":320,"column":46},"end":{"line":320,"column":53}},"line":320},"58":{"name":"(anonymous_58)","decl":{"start":{"line":323,"column":2},"end":{"line":323,"column":3}},"loc":{"start":{"line":323,"column":77},"end":{"line":333,"column":3}},"line":323},"59":{"name":"(anonymous_59)","decl":{"start":{"line":335,"column":2},"end":{"line":335,"column":3}},"loc":{"start":{"line":335,"column":31},"end":{"line":342,"column":3}},"line":335},"60":{"name":"(anonymous_60)","decl":{"start":{"line":337,"column":42},"end":{"line":337,"column":43}},"loc":{"start":{"line":337,"column":47},"end":{"line":337,"column":58}},"line":337},"61":{"name":"(anonymous_61)","decl":{"start":{"line":349,"column":2},"end":{"line":349,"column":3}},"loc":{"start":{"line":349,"column":59},"end":{"line":393,"column":3}},"line":349},"62":{"name":"(anonymous_62)","decl":{"start":{"line":356,"column":36},"end":{"line":356,"column":37}},"loc":{"start":{"line":356,"column":41},"end":{"line":356,"column":79}},"line":356},"63":{"name":"(anonymous_63)","decl":{"start":{"line":357,"column":35},"end":{"line":357,"column":36}},"loc":{"start":{"line":357,"column":40},"end":{"line":357,"column":70}},"line":357},"64":{"name":"(anonymous_64)","decl":{"start":{"line":358,"column":36},"end":{"line":358,"column":37}},"loc":{"start":{"line":358,"column":41},"end":{"line":358,"column":72}},"line":358},"65":{"name":"(anonymous_65)","decl":{"start":{"line":364,"column":36},"end":{"line":364,"column":37}},"loc":{"start":{"line":364,"column":48},"end":{"line":364,"column":79}},"line":364},"66":{"name":"(anonymous_66)","decl":{"start":{"line":366,"column":36},"end":{"line":366,"column":37}},"loc":{"start":{"line":366,"column":41},"end":{"line":366,"column":63}},"line":366},"67":{"name":"(anonymous_67)","decl":{"start":{"line":369,"column":35},"end":{"line":369,"column":36}},"loc":{"start":{"line":369,"column":47},"end":{"line":369,"column":78}},"line":369},"68":{"name":"(anonymous_68)","decl":{"start":{"line":371,"column":35},"end":{"line":371,"column":36}},"loc":{"start":{"line":371,"column":47},"end":{"line":371,"column":94}},"line":371},"69":{"name":"(anonymous_69)","decl":{"start":{"line":374,"column":36},"end":{"line":374,"column":37}},"loc":{"start":{"line":374,"column":48},"end":{"line":374,"column":79}},"line":374},"70":{"name":"(anonymous_70)","decl":{"start":{"line":377,"column":35},"end":{"line":377,"column":36}},"loc":{"start":{"line":377,"column":40},"end":{"line":377,"column":67}},"line":377},"71":{"name":"(anonymous_71)","decl":{"start":{"line":378,"column":32},"end":{"line":378,"column":33}},"loc":{"start":{"line":379,"column":8},"end":{"line":379,"column":91}},"line":379},"72":{"name":"(anonymous_72)","decl":{"start":{"line":382,"column":13},"end":{"line":382,"column":14}},"loc":{"start":{"line":382,"column":19},"end":{"line":389,"column":9}},"line":382},"73":{"name":"(anonymous_73)","decl":{"start":{"line":386,"column":20},"end":{"line":386,"column":21}},"loc":{"start":{"line":386,"column":25},"end":{"line":386,"column":79}},"line":386},"74":{"name":"(anonymous_74)","decl":{"start":{"line":387,"column":20},"end":{"line":387,"column":21}},"loc":{"start":{"line":387,"column":32},"end":{"line":387,"column":63}},"line":387},"75":{"name":"(anonymous_75)","decl":{"start":{"line":388,"column":30},"end":{"line":388,"column":31}},"loc":{"start":{"line":388,"column":35},"end":{"line":388,"column":82}},"line":388},"76":{"name":"(anonymous_76)","decl":{"start":{"line":390,"column":14},"end":{"line":390,"column":15}},"loc":{"start":{"line":390,"column":24},"end":{"line":390,"column":47}},"line":390}},"branchMap":{"0":{"loc":{"start":{"line":15,"column":0},"end":{"line":17,"column":1}},"type":"if","locations":[{"start":{"line":15,"column":0},"end":{"line":17,"column":1}},{"start":{},"end":{}}],"line":15},"1":{"loc":{"start":{"line":31,"column":2},"end":{"line":34,"column":3}},"type":"if","locations":[{"start":{"line":31,"column":2},"end":{"line":34,"column":3}},{"start":{},"end":{}}],"line":31},"2":{"loc":{"start":{"line":90,"column":4},"end":{"line":90,"column":39}},"type":"if","locations":[{"start":{"line":90,"column":4},"end":{"line":90,"column":39}},{"start":{},"end":{}}],"line":90},"3":{"loc":{"start":{"line":140,"column":4},"end":{"line":140,"column":39}},"type":"if","locations":[{"start":{"line":140,"column":4},"end":{"line":140,"column":39}},{"start":{},"end":{}}],"line":140},"4":{"loc":{"start":{"line":153,"column":4},"end":{"line":160,"column":5}},"type":"if","locations":[{"start":{"line":153,"column":4},"end":{"line":160,"column":5}},{"start":{},"end":{}}],"line":153},"5":{"loc":{"start":{"line":156,"column":8},"end":{"line":158,"column":70}},"type":"binary-expr","locations":[{"start":{"line":156,"column":8},"end":{"line":156,"column":40}},{"start":{"line":157,"column":8},"end":{"line":157,"column":47}},{"start":{"line":158,"column":8},"end":{"line":158,"column":70}}],"line":156},"6":{"loc":{"start":{"line":162,"column":4},"end":{"line":169,"column":5}},"type":"if","locations":[{"start":{"line":162,"column":4},"end":{"line":169,"column":5}},{"start":{},"end":{}}],"line":162},"7":{"loc":{"start":{"line":171,"column":4},"end":{"line":175,"column":5}},"type":"if","locations":[{"start":{"line":171,"column":4},"end":{"line":175,"column":5}},{"start":{},"end":{}}],"line":171},"8":{"loc":{"start":{"line":207,"column":6},"end":{"line":208,"column":33}},"type":"binary-expr","locations":[{"start":{"line":207,"column":6},"end":{"line":207,"column":31}},{"start":{"line":208,"column":6},"end":{"line":208,"column":33}}],"line":207},"9":{"loc":{"start":{"line":214,"column":6},"end":{"line":215,"column":89}},"type":"binary-expr","locations":[{"start":{"line":214,"column":6},"end":{"line":214,"column":31}},{"start":{"line":215,"column":6},"end":{"line":215,"column":89}}],"line":214},"10":{"loc":{"start":{"line":250,"column":4},"end":{"line":250,"column":39}},"type":"if","locations":[{"start":{"line":250,"column":4},"end":{"line":250,"column":39}},{"start":{},"end":{}}],"line":250},"11":{"loc":{"start":{"line":291,"column":6},"end":{"line":291,"column":60}},"type":"binary-expr","locations":[{"start":{"line":291,"column":6},"end":{"line":291,"column":29}},{"start":{"line":291,"column":33},"end":{"line":291,"column":60}}],"line":291},"12":{"loc":{"start":{"line":338,"column":4},"end":{"line":341,"column":5}},"type":"if","locations":[{"start":{"line":338,"column":4},"end":{"line":341,"column":5}},{"start":{},"end":{}}],"line":338},"13":{"loc":{"start":{"line":371,"column":54},"end":{"line":371,"column":93}},"type":"cond-expr","locations":[{"start":{"line":371,"column":87},"end":{"line":371,"column":89}},{"start":{"line":371,"column":92},"end":{"line":371,"column":93}}],"line":371},"14":{"loc":{"start":{"line":386,"column":25},"end":{"line":386,"column":79}},"type":"binary-expr","locations":[{"start":{"line":386,"column":25},"end":{"line":386,"column":44}},{"start":{"line":386,"column":48},"end":{"line":386,"column":79}}],"line":386},"15":{"loc":{"start":{"line":388,"column":35},"end":{"line":388,"column":82}},"type":"binary-expr","locations":[{"start":{"line":388,"column":35},"end":{"line":388,"column":54}},{"start":{"line":388,"column":58},"end":{"line":388,"column":82}}],"line":388}},"s":{"0":0,"1":0,"2":0,"3":0,"4":0,"5":0,"6":0,"7":0,"8":0,"9":0,"10":0,"11":0,"12":0,"13":0,"14":0,"15":0,"16":0,"17":0,"18":0,"19":0,"20":0,"21":0,"22":0,"23":0,"24":0,"25":0,"26":0,"27":0,"28":0,"29":0,"30":0,"31":0,"32":0,"33":0,"34":0,"35":0,"36":0,"37":0,"38":0,"39":0,"40":0,"41":0,"42":0,"43":0,"44":0,"45":0,"46":0,"47":0,"48":0,"49":0,"50":0,"51":0,"52":0,"53":0,"54":0,"55":0,"56":0,"57":0,"58":0,"59":0,"60":0,"61":0,"62":0,"63":0,"64":0,"65":0,"66":0,"67":0,"68":0,"69":0,"70":0,"71":0,"72":0,"73":0,"74":0,"75":0,"76":0,"77":0,"78":0,"79":0,"80":0,"81":0,"82":0,"83":0,"84":0,"85":0,"86":0,"87":0,"88":0,"89":0,"90":0,"91":0,"92":0,"93":0,"94":0,"95":0,"96":0,"97":0,"98":0,"99":0,"100":0,"101":0,"102":0,"103":0,"104":0,"105":0,"106":0,"107":0,"108":0,"109":0,"110":0,"111":0,"112":0,"113":0,"114":0,"115":0,"116":0,"117":0,"118":0,"119":0,"120":0,"121":0,"122":0,"123":0,"124":0,"125":0,"126":0,"127":0,"128":0,"129":0,"130":0,"131":0,"132":0,"133":0,"134":0,"135":0,"136":0,"137":0,"138":0,"139":0,"140":0,"141":0,"142":0,"143":0,"144":0,"145":0,"146":0,"147":0,"148":0,"149":0,"150":0,"151":0,"152":0,"153":0,"154":0,"155":0,"156":0,"157":0,"158":0,"159":0,"160":0,"161":0,"162":0,"163":0,"164":0},"f":{"0":0,"1":0,"2":0,"3":0,"4":0,"5":0,"6":0,"7":0,"8":0,"9":0,"10":0,"11":0,"12":0,"13":0,"14":0,"15":0,"16":0,"17":0,"18":0,"19":0,"20":0,"21":0,"22":0,"23":0,"24":0,"25":0,"26":0,"27":0,"28":0,"29":0,"30":0,"31":0,"32":0,"33":0,"34":0,"35":0,"36":0,"37":0,"38":0,"39":0,"40":0,"41":0,"42":0,"43":0,"44":0,"45":0,"46":0,"47":0,"48":0,"49":0,"50":0,"51":0,"52":0,"53":0,"54":0,"55":0,"56":0,"57":0,"58":0,"59":0,"60":0,"61":0,"62":0,"63":0,"64":0,"65":0,"66":0,"67":0,"68":0,"69":0,"70":0,"71":0,"72":0,"73":0,"74":0,"75":0,"76":0},"b":{"0":[0,0],"1":[0,0],"2":[0,0],"3":[0,0],"4":[0,0],"5":[0,0,0],"6":[0,0],"7":[0,0],"8":[0,0],"9":[0,0],"10":[0,0],"11":[0,0],"12":[0,0],"13":[0,0],"14":[0,0],"15":[0,0]}}
,"D:\\ai-avatar-market\\lib\\hooks\\useAuth.tsx": {"path":"D:\\ai-avatar-market\\lib\\hooks\\useAuth.tsx","statementMap":{"0":{"start":{"line":21,"column":20},"end":{"line":21,"column":73}},"1":{"start":{"line":24,"column":26},"end":{"line":24,"column":53}},"2":{"start":{"line":25,"column":28},"end":{"line":25,"column":57}},"3":{"start":{"line":26,"column":36},"end":{"line":26,"column":50}},"4":{"start":{"line":27,"column":17},"end":{"line":27,"column":28}},"5":{"start":{"line":29,"column":2},"end":{"line":40,"column":9}},"6":{"start":{"line":31,"column":24},"end":{"line":31,"column":53}},"7":{"start":{"line":32,"column":23},"end":{"line":32,"column":51}},"8":{"start":{"line":34,"column":4},"end":{"line":37,"column":5}},"9":{"start":{"line":35,"column":6},"end":{"line":35,"column":28}},"10":{"start":{"line":36,"column":6},"end":{"line":36,"column":38}},"11":{"start":{"line":39,"column":4},"end":{"line":39,"column":24}},"12":{"start":{"line":42,"column":16},"end":{"line":47,"column":3}},"13":{"start":{"line":43,"column":4},"end":{"line":43,"column":44}},"14":{"start":{"line":44,"column":4},"end":{"line":44,"column":58}},"15":{"start":{"line":45,"column":4},"end":{"line":45,"column":23}},"16":{"start":{"line":46,"column":4},"end":{"line":46,"column":21}},"17":{"start":{"line":49,"column":17},"end":{"line":55,"column":3}},"18":{"start":{"line":50,"column":4},"end":{"line":50,"column":37}},"19":{"start":{"line":51,"column":4},"end":{"line":51,"column":36}},"20":{"start":{"line":52,"column":4},"end":{"line":52,"column":19}},"21":{"start":{"line":53,"column":4},"end":{"line":53,"column":18}},"22":{"start":{"line":54,"column":4},"end":{"line":54,"column":31}},"23":{"start":{"line":57,"column":2},"end":{"line":61,"column":4}},"24":{"start":{"line":65,"column":18},"end":{"line":65,"column":41}},"25":{"start":{"line":66,"column":2},"end":{"line":68,"column":3}},"26":{"start":{"line":67,"column":4},"end":{"line":67,"column":67}},"27":{"start":{"line":69,"column":2},"end":{"line":69,"column":17}}},"fnMap":{"0":{"name":"AuthProvider","decl":{"start":{"line":23,"column":16},"end":{"line":23,"column":28}},"loc":{"start":{"line":23,"column":68},"end":{"line":62,"column":1}},"line":23},"1":{"name":"(anonymous_1)","decl":{"start":{"line":29,"column":12},"end":{"line":29,"column":13}},"loc":{"start":{"line":29,"column":18},"end":{"line":40,"column":3}},"line":29},"2":{"name":"(anonymous_2)","decl":{"start":{"line":42,"column":16},"end":{"line":42,"column":17}},"loc":{"start":{"line":42,"column":53},"end":{"line":47,"column":3}},"line":42},"3":{"name":"(anonymous_3)","decl":{"start":{"line":49,"column":17},"end":{"line":49,"column":18}},"loc":{"start":{"line":49,"column":23},"end":{"line":55,"column":3}},"line":49},"4":{"name":"useAuth","decl":{"start":{"line":64,"column":16},"end":{"line":64,"column":23}},"loc":{"start":{"line":64,"column":26},"end":{"line":70,"column":1}},"line":64}},"branchMap":{"0":{"loc":{"start":{"line":34,"column":4},"end":{"line":37,"column":5}},"type":"if","locations":[{"start":{"line":34,"column":4},"end":{"line":37,"column":5}},{"start":{},"end":{}}],"line":34},"1":{"loc":{"start":{"line":34,"column":8},"end":{"line":34,"column":33}},"type":"binary-expr","locations":[{"start":{"line":34,"column":8},"end":{"line":34,"column":19}},{"start":{"line":34,"column":23},"end":{"line":34,"column":33}}],"line":34},"2":{"loc":{"start":{"line":66,"column":2},"end":{"line":68,"column":3}},"type":"if","locations":[{"start":{"line":66,"column":2},"end":{"line":68,"column":3}},{"start":{},"end":{}}],"line":66}},"s":{"0":0,"1":0,"2":0,"3":0,"4":0,"5":0,"6":0,"7":0,"8":0,"9":0,"10":0,"11":0,"12":0,"13":0,"14":0,"15":0,"16":0,"17":0,"18":0,"19":0,"20":0,"21":0,"22":0,"23":0,"24":0,"25":0,"26":0,"27":0},"f":{"0":0,"1":0,"2":0,"3":0,"4":0},"b":{"0":[0,0],"1":[0,0],"2":[0,0]}}
,"D:\\ai-avatar-market\\lib\\mock\\data.ts": {"path":"D:\\ai-avatar-market\\lib\\mock\\data.ts","statementMap":{"0":{"start":{"line":11,"column":33},"end":{"line":39,"column":1}},"1":{"start":{"line":68,"column":37},"end":{"line":179,"column":1}},"2":{"start":{"line":204,"column":35},"end":{"line":251,"column":1}},"3":{"start":{"line":276,"column":47},"end":{"line":307,"column":1}},"4":{"start":{"line":325,"column":47},"end":{"line":369,"column":1}},"5":{"start":{"line":387,"column":39},"end":{"line":421,"column":1}},"6":{"start":{"line":427,"column":25},"end":{"line":468,"column":1}},"7":{"start":{"line":474,"column":26},"end":{"line":483,"column":1}},"8":{"start":{"line":490,"column":14},"end":{"line":490,"column":77}},"9":{"start":{"line":490,"column":30},"end":{"line":490,"column":77}},"10":{"start":{"line":490,"column":53},"end":{"line":490,"column":76}},"11":{"start":{"line":494,"column":2},"end":{"line":494,"column":19}},"12":{"start":{"line":495,"column":2},"end":{"line":495,"column":58}},"13":{"start":{"line":495,"column":33},"end":{"line":495,"column":56}},"14":{"start":{"line":500,"column":2},"end":{"line":500,"column":19}},"15":{"start":{"line":501,"column":2},"end":{"line":501,"column":44}},"16":{"start":{"line":501,"column":31},"end":{"line":501,"column":42}},"17":{"start":{"line":506,"column":2},"end":{"line":506,"column":19}},"18":{"start":{"line":507,"column":2},"end":{"line":510,"column":21}},"19":{"start":{"line":508,"column":17},"end":{"line":508,"column":40}},"20":{"start":{"line":509,"column":20},"end":{"line":509,"column":45}},"21":{"start":{"line":515,"column":2},"end":{"line":515,"column":19}},"22":{"start":{"line":516,"column":2},"end":{"line":516,"column":81}},"23":{"start":{"line":516,"column":32},"end":{"line":516,"column":79}},"24":{"start":{"line":521,"column":2},"end":{"line":521,"column":19}},"25":{"start":{"line":522,"column":2},"end":{"line":522,"column":59}},"26":{"start":{"line":522,"column":38},"end":{"line":522,"column":57}},"27":{"start":{"line":527,"column":2},"end":{"line":527,"column":19}},"28":{"start":{"line":528,"column":2},"end":{"line":528,"column":84}},"29":{"start":{"line":528,"column":34},"end":{"line":528,"column":82}},"30":{"start":{"line":533,"column":2},"end":{"line":533,"column":19}},"31":{"start":{"line":534,"column":21},"end":{"line":534,"column":40}},"32":{"start":{"line":535,"column":2},"end":{"line":541,"column":4}},"33":{"start":{"line":536,"column":4},"end":{"line":540,"column":5}},"34":{"start":{"line":539,"column":23},"end":{"line":539,"column":59}},"35":{"start":{"line":546,"column":2},"end":{"line":546,"column":19}},"36":{"start":{"line":547,"column":2},"end":{"line":547,"column":19}},"37":{"start":{"line":552,"column":2},"end":{"line":552,"column":19}},"38":{"start":{"line":553,"column":15},"end":{"line":553,"column":53}},"39":{"start":{"line":553,"column":35},"end":{"line":553,"column":52}},"40":{"start":{"line":554,"column":2},"end":{"line":554,"column":22}}},"fnMap":{"0":{"name":"(anonymous_0)","decl":{"start":{"line":490,"column":14},"end":{"line":490,"column":15}},"loc":{"start":{"line":490,"column":30},"end":{"line":490,"column":77}},"line":490},"1":{"name":"(anonymous_1)","decl":{"start":{"line":490,"column":42},"end":{"line":490,"column":43}},"loc":{"start":{"line":490,"column":53},"end":{"line":490,"column":76}},"line":490},"2":{"name":"getAvatars","decl":{"start":{"line":493,"column":22},"end":{"line":493,"column":32}},"loc":{"start":{"line":493,"column":54},"end":{"line":496,"column":1}},"line":493},"3":{"name":"(anonymous_3)","decl":{"start":{"line":495,"column":28},"end":{"line":495,"column":29}},"loc":{"start":{"line":495,"column":33},"end":{"line":495,"column":56}},"line":495},"4":{"name":"getAvatarById","decl":{"start":{"line":499,"column":22},"end":{"line":499,"column":35}},"loc":{"start":{"line":499,"column":77},"end":{"line":502,"column":1}},"line":499},"5":{"name":"(anonymous_5)","decl":{"start":{"line":501,"column":26},"end":{"line":501,"column":27}},"loc":{"start":{"line":501,"column":31},"end":{"line":501,"column":42}},"line":501},"6":{"name":"getRecommendedAvatars","decl":{"start":{"line":505,"column":22},"end":{"line":505,"column":43}},"loc":{"start":{"line":505,"column":82},"end":{"line":511,"column":1}},"line":505},"7":{"name":"(anonymous_7)","decl":{"start":{"line":508,"column":12},"end":{"line":508,"column":13}},"loc":{"start":{"line":508,"column":17},"end":{"line":508,"column":40}},"line":508},"8":{"name":"(anonymous_8)","decl":{"start":{"line":509,"column":10},"end":{"line":509,"column":11}},"loc":{"start":{"line":509,"column":20},"end":{"line":509,"column":45}},"line":509},"9":{"name":"getUserOrders","decl":{"start":{"line":514,"column":22},"end":{"line":514,"column":35}},"loc":{"start":{"line":514,"column":70},"end":{"line":517,"column":1}},"line":514},"10":{"name":"(anonymous_10)","decl":{"start":{"line":516,"column":27},"end":{"line":516,"column":28}},"loc":{"start":{"line":516,"column":32},"end":{"line":516,"column":79}},"line":516},"11":{"name":"getUserTransactions","decl":{"start":{"line":520,"column":22},"end":{"line":520,"column":41}},"loc":{"start":{"line":520,"column":82},"end":{"line":523,"column":1}},"line":520},"12":{"name":"(anonymous_12)","decl":{"start":{"line":522,"column":33},"end":{"line":522,"column":34}},"loc":{"start":{"line":522,"column":38},"end":{"line":522,"column":57}},"line":522},"13":{"name":"getUserMessages","decl":{"start":{"line":526,"column":22},"end":{"line":526,"column":37}},"loc":{"start":{"line":526,"column":74},"end":{"line":529,"column":1}},"line":526},"14":{"name":"(anonymous_14)","decl":{"start":{"line":528,"column":29},"end":{"line":528,"column":30}},"loc":{"start":{"line":528,"column":34},"end":{"line":528,"column":82}},"line":528},"15":{"name":"searchAvatars","decl":{"start":{"line":532,"column":22},"end":{"line":532,"column":35}},"loc":{"start":{"line":532,"column":70},"end":{"line":542,"column":1}},"line":532},"16":{"name":"(anonymous_16)","decl":{"start":{"line":535,"column":28},"end":{"line":535,"column":29}},"loc":{"start":{"line":536,"column":4},"end":{"line":540,"column":5}},"line":536},"17":{"name":"(anonymous_17)","decl":{"start":{"line":539,"column":18},"end":{"line":539,"column":19}},"loc":{"start":{"line":539,"column":23},"end":{"line":539,"column":59}},"line":539},"18":{"name":"getStats","decl":{"start":{"line":545,"column":22},"end":{"line":545,"column":30}},"loc":{"start":{"line":545,"column":33},"end":{"line":548,"column":1}},"line":545},"19":{"name":"login","decl":{"start":{"line":551,"column":22},"end":{"line":551,"column":27}},"loc":{"start":{"line":551,"column":83},"end":{"line":555,"column":1}},"line":551},"20":{"name":"(anonymous_20)","decl":{"start":{"line":553,"column":30},"end":{"line":553,"column":31}},"loc":{"start":{"line":553,"column":35},"end":{"line":553,"column":52}},"line":553}},"branchMap":{"0":{"loc":{"start":{"line":505,"column":44},"end":{"line":505,"column":61}},"type":"default-arg","locations":[{"start":{"line":505,"column":60},"end":{"line":505,"column":61}}],"line":505},"1":{"loc":{"start":{"line":516,"column":32},"end":{"line":516,"column":79}},"type":"binary-expr","locations":[{"start":{"line":516,"column":32},"end":{"line":516,"column":53}},{"start":{"line":516,"column":57},"end":{"line":516,"column":79}}],"line":516},"2":{"loc":{"start":{"line":528,"column":34},"end":{"line":528,"column":82}},"type":"binary-expr","locations":[{"start":{"line":528,"column":34},"end":{"line":528,"column":55}},{"start":{"line":528,"column":59},"end":{"line":528,"column":82}}],"line":528},"3":{"loc":{"start":{"line":536,"column":4},"end":{"line":540,"column":5}},"type":"binary-expr","locations":[{"start":{"line":536,"column":4},"end":{"line":536,"column":27}},{"start":{"line":537,"column":6},"end":{"line":537,"column":47}},{"start":{"line":538,"column":6},"end":{"line":538,"column":54}},{"start":{"line":539,"column":6},"end":{"line":539,"column":60}}],"line":536},"4":{"loc":{"start":{"line":554,"column":9},"end":{"line":554,"column":21}},"type":"binary-expr","locations":[{"start":{"line":554,"column":9},"end":{"line":554,"column":13}},{"start":{"line":554,"column":17},"end":{"line":554,"column":21}}],"line":554}},"s":{"0":1,"1":1,"2":1,"3":1,"4":1,"5":1,"6":1,"7":1,"8":1,"9":0,"10":0,"11":0,"12":0,"13":0,"14":0,"15":0,"16":0,"17":0,"18":0,"19":0,"20":0,"21":0,"22":0,"23":0,"24":0,"25":0,"26":0,"27":0,"28":0,"29":0,"30":0,"31":0,"32":0,"33":0,"34":0,"35":0,"36":0,"37":0,"38":0,"39":0,"40":0},"f":{"0":0,"1":0,"2":0,"3":0,"4":0,"5":0,"6":0,"7":0,"8":0,"9":0,"10":0,"11":0,"12":0,"13":0,"14":0,"15":0,"16":0,"17":0,"18":0,"19":0,"20":0},"b":{"0":[0],"1":[0,0],"2":[0,0],"3":[0,0,0,0],"4":[0,0]},"_coverageSchema":"1a1c01bbd47fc00a2c39e90264f33305004495a9","hash":"7c898e4b988fda8f88317fd806a02ae9b97cbdb7"}
,"D:\\ai-avatar-market\\lib\\store\\index.ts": {"path":"D:\\ai-avatar-market\\lib\\store\\index.ts","statementMap":{"0":{"start":{"line":48,"column":27},"end":{"line":96,"column":1}},"1":{"start":{"line":50,"column":19},"end":{"line":86,"column":5}},"2":{"start":{"line":58,"column":23},"end":{"line":58,"column":59}},"3":{"start":{"line":60,"column":20},"end":{"line":64,"column":8}},"4":{"start":{"line":66,"column":32},"end":{"line":68,"column":9}},"5":{"start":{"line":66,"column":48},"end":{"line":68,"column":7}},"6":{"start":{"line":70,"column":27},"end":{"line":72,"column":9}},"7":{"start":{"line":70,"column":43},"end":{"line":72,"column":7}},"8":{"start":{"line":75,"column":41},"end":{"line":77,"column":9}},"9":{"start":{"line":75,"column":57},"end":{"line":77,"column":7}},"10":{"start":{"line":79,"column":34},"end":{"line":81,"column":9}},"11":{"start":{"line":79,"column":50},"end":{"line":81,"column":7}},"12":{"start":{"line":80,"column":55},"end":{"line":80,"column":66}},"13":{"start":{"line":83,"column":27},"end":{"line":85,"column":9}},"14":{"start":{"line":83,"column":43},"end":{"line":85,"column":7}},"15":{"start":{"line":84,"column":53},"end":{"line":84,"column":73}},"16":{"start":{"line":89,"column":30},"end":{"line":93,"column":7}},"17":{"start":{"line":99,"column":26},"end":{"line":99,"column":57}},"18":{"start":{"line":99,"column":47},"end":{"line":99,"column":57}},"19":{"start":{"line":100,"column":37},"end":{"line":100,"column":79}},"20":{"start":{"line":100,"column":58},"end":{"line":100,"column":79}},"21":{"start":{"line":101,"column":33},"end":{"line":102,"column":49}},"22":{"start":{"line":102,"column":2},"end":{"line":102,"column":49}},"23":{"start":{"line":102,"column":34},"end":{"line":102,"column":41}}},"fnMap":{"0":{"name":"(anonymous_0)","decl":{"start":{"line":50,"column":4},"end":{"line":50,"column":5}},"loc":{"start":{"line":50,"column":19},"end":{"line":86,"column":5}},"line":50},"1":{"name":"(anonymous_1)","decl":{"start":{"line":58,"column":13},"end":{"line":58,"column":14}},"loc":{"start":{"line":58,"column":23},"end":{"line":58,"column":59}},"line":58},"2":{"name":"(anonymous_2)","decl":{"start":{"line":60,"column":14},"end":{"line":60,"column":15}},"loc":{"start":{"line":60,"column":20},"end":{"line":64,"column":8}},"line":60},"3":{"name":"(anonymous_3)","decl":{"start":{"line":66,"column":18},"end":{"line":66,"column":19}},"loc":{"start":{"line":66,"column":32},"end":{"line":68,"column":9}},"line":66},"4":{"name":"(anonymous_4)","decl":{"start":{"line":66,"column":36},"end":{"line":66,"column":37}},"loc":{"start":{"line":66,"column":48},"end":{"line":68,"column":7}},"line":66},"5":{"name":"(anonymous_5)","decl":{"start":{"line":70,"column":21},"end":{"line":70,"column":22}},"loc":{"start":{"line":70,"column":27},"end":{"line":72,"column":9}},"line":70},"6":{"name":"(anonymous_6)","decl":{"start":{"line":70,"column":31},"end":{"line":70,"column":32}},"loc":{"start":{"line":70,"column":43},"end":{"line":72,"column":7}},"line":70},"7":{"name":"(anonymous_7)","decl":{"start":{"line":75,"column":23},"end":{"line":75,"column":24}},"loc":{"start":{"line":75,"column":41},"end":{"line":77,"column":9}},"line":75},"8":{"name":"(anonymous_8)","decl":{"start":{"line":75,"column":45},"end":{"line":75,"column":46}},"loc":{"start":{"line":75,"column":57},"end":{"line":77,"column":7}},"line":75},"9":{"name":"(anonymous_9)","decl":{"start":{"line":79,"column":26},"end":{"line":79,"column":27}},"loc":{"start":{"line":79,"column":34},"end":{"line":81,"column":9}},"line":79},"10":{"name":"(anonymous_10)","decl":{"start":{"line":79,"column":38},"end":{"line":79,"column":39}},"loc":{"start":{"line":79,"column":50},"end":{"line":81,"column":7}},"line":79},"11":{"name":"(anonymous_11)","decl":{"start":{"line":80,"column":50},"end":{"line":80,"column":51}},"loc":{"start":{"line":80,"column":55},"end":{"line":80,"column":66}},"line":80},"12":{"name":"(anonymous_12)","decl":{"start":{"line":83,"column":21},"end":{"line":83,"column":22}},"loc":{"start":{"line":83,"column":27},"end":{"line":85,"column":9}},"line":83},"13":{"name":"(anonymous_13)","decl":{"start":{"line":83,"column":31},"end":{"line":83,"column":32}},"loc":{"start":{"line":83,"column":43},"end":{"line":85,"column":7}},"line":83},"14":{"name":"(anonymous_14)","decl":{"start":{"line":84,"column":47},"end":{"line":84,"column":48}},"loc":{"start":{"line":84,"column":53},"end":{"line":84,"column":73}},"line":84},"15":{"name":"(anonymous_15)","decl":{"start":{"line":89,"column":18},"end":{"line":89,"column":19}},"loc":{"start":{"line":89,"column":30},"end":{"line":93,"column":7}},"line":89},"16":{"name":"(anonymous_16)","decl":{"start":{"line":99,"column":26},"end":{"line":99,"column":27}},"loc":{"start":{"line":99,"column":47},"end":{"line":99,"column":57}},"line":99},"17":{"name":"(anonymous_17)","decl":{"start":{"line":100,"column":37},"end":{"line":100,"column":38}},"loc":{"start":{"line":100,"column":58},"end":{"line":100,"column":79}},"line":100},"18":{"name":"(anonymous_18)","decl":{"start":{"line":101,"column":33},"end":{"line":101,"column":34}},"loc":{"start":{"line":102,"column":2},"end":{"line":102,"column":49}},"line":102},"19":{"name":"(anonymous_19)","decl":{"start":{"line":102,"column":29},"end":{"line":102,"column":30}},"loc":{"start":{"line":102,"column":34},"end":{"line":102,"column":41}},"line":102}},"branchMap":{"0":{"loc":{"start":{"line":67,"column":14},"end":{"line":67,"column":64}},"type":"cond-expr","locations":[{"start":{"line":67,"column":27},"end":{"line":67,"column":57}},{"start":{"line":67,"column":60},"end":{"line":67,"column":64}}],"line":67}},"s":{"0":1,"1":1,"2":0,"3":0,"4":0,"5":0,"6":0,"7":0,"8":0,"9":0,"10":0,"11":0,"12":0,"13":0,"14":0,"15":0,"16":8,"17":1,"18":0,"19":1,"20":0,"21":1,"22":0,"23":0},"f":{"0":1,"1":0,"2":0,"3":0,"4":0,"5":0,"6":0,"7":0,"8":0,"9":0,"10":0,"11":0,"12":0,"13":0,"14":0,"15":8,"16":0,"17":0,"18":0,"19":0},"b":{"0":[0,0]},"_coverageSchema":"1a1c01bbd47fc00a2c39e90264f33305004495a9","hash":"60e561412a11e3ac002470a483b88c47dfc99e0e"}
,"D:\\ai-avatar-market\\lib\\types\\index.ts": {"path":"D:\\ai-avatar-market\\lib\\types\\index.ts","statementMap":{},"fnMap":{},"branchMap":{},"s":{},"f":{},"b":{}}
,"D:\\ai-avatar-market\\lib\\utils\\index.ts": {"path":"D:\\ai-avatar-market\\lib\\utils\\index.ts","statementMap":{"0":{"start":{"line":9,"column":2},"end":{"line":9,"column":31}},"1":{"start":{"line":14,"column":2},"end":{"line":14,"column":40}},"2":{"start":{"line":19,"column":12},"end":{"line":19,"column":60}},"3":{"start":{"line":20,"column":2},"end":{"line":24,"column":5}},"4":{"start":{"line":28,"column":12},"end":{"line":28,"column":60}},"5":{"start":{"line":29,"column":2},"end":{"line":35,"column":5}},"6":{"start":{"line":40,"column":12},"end":{"line":40,"column":60}},"7":{"start":{"line":41,"column":14},"end":{"line":41,"column":24}},"8":{"start":{"line":42,"column":15},"end":{"line":42,"column":42}},"9":{"start":{"line":44,"column":18},"end":{"line":44,"column":42}},"10":{"start":{"line":45,"column":16},"end":{"line":45,"column":42}},"11":{"start":{"line":46,"column":15},"end":{"line":46,"column":42}},"12":{"start":{"line":48,"column":2},"end":{"line":48,"column":31}},"13":{"start":{"line":48,"column":19},"end":{"line":48,"column":31}},"14":{"start":{"line":49,"column":2},"end":{"line":49,"column":43}},"15":{"start":{"line":49,"column":20},"end":{"line":49,"column":43}},"16":{"start":{"line":50,"column":2},"end":{"line":50,"column":39}},"17":{"start":{"line":50,"column":18},"end":{"line":50,"column":39}},"18":{"start":{"line":51,"column":2},"end":{"line":51,"column":35}},"19":{"start":{"line":51,"column":16},"end":{"line":51,"column":35}},"20":{"start":{"line":52,"column":2},"end":{"line":52,"column":23}},"21":{"start":{"line":57,"column":2},"end":{"line":57,"column":78}},"22":{"start":{"line":62,"column":2},"end":{"line":62,"column":44}},"23":{"start":{"line":62,"column":32},"end":{"line":62,"column":44}},"24":{"start":{"line":63,"column":2},"end":{"line":63,"column":42}},"25":{"start":{"line":67,"column":79},"end":{"line":78,"column":1}},"26":{"start":{"line":81,"column":28},"end":{"line":85,"column":1}},"27":{"start":{"line":88,"column":35},"end":{"line":94,"column":1}},"28":{"start":{"line":97,"column":25},"end":{"line":104,"column":1}}},"fnMap":{"0":{"name":"cn","decl":{"start":{"line":8,"column":16},"end":{"line":8,"column":18}},"loc":{"start":{"line":8,"column":44},"end":{"line":10,"column":1}},"line":8},"1":{"name":"formatPrice","decl":{"start":{"line":13,"column":16},"end":{"line":13,"column":27}},"loc":{"start":{"line":13,"column":51},"end":{"line":15,"column":1}},"line":13},"2":{"name":"formatDate","decl":{"start":{"line":18,"column":16},"end":{"line":18,"column":26}},"loc":{"start":{"line":18,"column":56},"end":{"line":25,"column":1}},"line":18},"3":{"name":"formatDateTime","decl":{"start":{"line":27,"column":16},"end":{"line":27,"column":30}},"loc":{"start":{"line":27,"column":60},"end":{"line":36,"column":1}},"line":27},"4":{"name":"formatRelativeTime","decl":{"start":{"line":39,"column":16},"end":{"line":39,"column":34}},"loc":{"start":{"line":39,"column":64},"end":{"line":53,"column":1}},"line":39},"5":{"name":"generateId","decl":{"start":{"line":56,"column":16},"end":{"line":56,"column":26}},"loc":{"start":{"line":56,"column":51},"end":{"line":58,"column":1}},"line":56},"6":{"name":"truncate","decl":{"start":{"line":61,"column":16},"end":{"line":61,"column":24}},"loc":{"start":{"line":61,"column":66},"end":{"line":64,"column":1}},"line":61}},"branchMap":{"0":{"loc":{"start":{"line":19,"column":12},"end":{"line":19,"column":60}},"type":"cond-expr","locations":[{"start":{"line":19,"column":39},"end":{"line":19,"column":53}},{"start":{"line":19,"column":56},"end":{"line":19,"column":60}}],"line":19},"1":{"loc":{"start":{"line":28,"column":12},"end":{"line":28,"column":60}},"type":"cond-expr","locations":[{"start":{"line":28,"column":39},"end":{"line":28,"column":53}},{"start":{"line":28,"column":56},"end":{"line":28,"column":60}}],"line":28},"2":{"loc":{"start":{"line":40,"column":12},"end":{"line":40,"column":60}},"type":"cond-expr","locations":[{"start":{"line":40,"column":39},"end":{"line":40,"column":53}},{"start":{"line":40,"column":56},"end":{"line":40,"column":60}}],"line":40},"3":{"loc":{"start":{"line":48,"column":2},"end":{"line":48,"column":31}},"type":"if","locations":[{"start":{"line":48,"column":2},"end":{"line":48,"column":31}},{"start":{},"end":{}}],"line":48},"4":{"loc":{"start":{"line":49,"column":2},"end":{"line":49,"column":43}},"type":"if","locations":[{"start":{"line":49,"column":2},"end":{"line":49,"column":43}},{"start":{},"end":{}}],"line":49},"5":{"loc":{"start":{"line":50,"column":2},"end":{"line":50,"column":39}},"type":"if","locations":[{"start":{"line":50,"column":2},"end":{"line":50,"column":39}},{"start":{},"end":{}}],"line":50},"6":{"loc":{"start":{"line":51,"column":2},"end":{"line":51,"column":35}},"type":"if","locations":[{"start":{"line":51,"column":2},"end":{"line":51,"column":35}},{"start":{},"end":{}}],"line":51},"7":{"loc":{"start":{"line":62,"column":2},"end":{"line":62,"column":44}},"type":"if","locations":[{"start":{"line":62,"column":2},"end":{"line":62,"column":44}},{"start":{},"end":{}}],"line":62}},"s":{"0":0,"1":0,"2":0,"3":0,"4":0,"5":0,"6":0,"7":0,"8":0,"9":0,"10":0,"11":0,"12":0,"13":0,"14":0,"15":0,"16":0,"17":0,"18":0,"19":0,"20":0,"21":0,"22":0,"23":0,"24":0,"25":0,"26":0,"27":0,"28":0},"f":{"0":0,"1":0,"2":0,"3":0,"4":0,"5":0,"6":0},"b":{"0":[0,0],"1":[0,0],"2":[0,0],"3":[0,0],"4":[0,0],"5":[0,0],"6":[0,0],"7":[0,0]}}
}
