TN:
SF:lib\auth.ts
FN:11,verifyAuth
FN:27,generateToken
FNF:2
FNH:0
FNDA:0,verifyAuth
FNDA:0,generateToken
DA:4,0
DA:12,0
DA:13,0
DA:14,0
DA:15,0
DA:18,0
DA:19,0
DA:21,0
DA:23,0
DA:28,0
LF:10
LH:0
BRDA:4,0,0,0
BRDA:4,0,1,0
BRDA:14,1,0,0
BRDA:14,1,1,0
BRF:4
BRH:0
end_of_record
TN:
SF:lib\db\index.ts
FN:30,initFile
FN:44,readData
FN:49,writeData
FN:57,(anonymous_3)
FN:61,(anonymous_4)
FN:62,(anonymous_5)
FN:65,(anonymous_6)
FN:66,(anonymous_7)
FN:69,(anonymous_8)
FN:87,(anonymous_9)
FN:89,(anonymous_10)
FN:101,(anonymous_11)
FN:105,(anonymous_12)
FN:106,(anonymous_13)
FN:109,(anonymous_14)
FN:110,(anonymous_15)
FN:113,(anonymous_16)
FN:114,(anonymous_17)
FN:117,(anonymous_18)
FN:137,(anonymous_19)
FN:139,(anonymous_20)
FN:150,(anonymous_21)
FN:155,(anonymous_22)
FN:158,(anonymous_23)
FN:166,(anonymous_24)
FN:167,(anonymous_25)
FN:168,(anonymous_26)
FN:172,(anonymous_27)
FN:173,(anonymous_28)
FN:185,(anonymous_29)
FN:189,(anonymous_30)
FN:190,(anonymous_31)
FN:193,(anonymous_32)
FN:194,(anonymous_33)
FN:197,(anonymous_34)
FN:198,(anonymous_35)
FN:201,(anonymous_36)
FN:202,(anonymous_37)
FN:205,(anonymous_38)
FN:206,(anonymous_39)
FN:212,(anonymous_40)
FN:213,(anonymous_41)
FN:219,(anonymous_42)
FN:247,(anonymous_43)
FN:249,(anonymous_44)
FN:261,(anonymous_45)
FN:263,(anonymous_46)
FN:266,(anonymous_47)
FN:283,(anonymous_48)
FN:285,(anonymous_49)
FN:288,(anonymous_50)
FN:290,(anonymous_51)
FN:295,(anonymous_52)
FN:312,(anonymous_53)
FN:315,(anonymous_54)
FN:316,(anonymous_55)
FN:319,(anonymous_56)
FN:320,(anonymous_57)
FN:323,(anonymous_58)
FN:335,(anonymous_59)
FN:337,(anonymous_60)
FN:349,(anonymous_61)
FN:356,(anonymous_62)
FN:357,(anonymous_63)
FN:358,(anonymous_64)
FN:364,(anonymous_65)
FN:366,(anonymous_66)
FN:369,(anonymous_67)
FN:371,(anonymous_68)
FN:374,(anonymous_69)
FN:377,(anonymous_70)
FN:378,(anonymous_71)
FN:382,(anonymous_72)
FN:386,(anonymous_73)
FN:387,(anonymous_74)
FN:388,(anonymous_75)
FN:390,(anonymous_76)
FNF:77
FNH:0
FNDA:0,initFile
FNDA:0,readData
FNDA:0,writeData
FNDA:0,(anonymous_3)
FNDA:0,(anonymous_4)
FNDA:0,(anonymous_5)
FNDA:0,(anonymous_6)
FNDA:0,(anonymous_7)
FNDA:0,(anonymous_8)
FNDA:0,(anonymous_9)
FNDA:0,(anonymous_10)
FNDA:0,(anonymous_11)
FNDA:0,(anonymous_12)
FNDA:0,(anonymous_13)
FNDA:0,(anonymous_14)
FNDA:0,(anonymous_15)
FNDA:0,(anonymous_16)
FNDA:0,(anonymous_17)
FNDA:0,(anonymous_18)
FNDA:0,(anonymous_19)
FNDA:0,(anonymous_20)
FNDA:0,(anonymous_21)
FNDA:0,(anonymous_22)
FNDA:0,(anonymous_23)
FNDA:0,(anonymous_24)
FNDA:0,(anonymous_25)
FNDA:0,(anonymous_26)
FNDA:0,(anonymous_27)
FNDA:0,(anonymous_28)
FNDA:0,(anonymous_29)
FNDA:0,(anonymous_30)
FNDA:0,(anonymous_31)
FNDA:0,(anonymous_32)
FNDA:0,(anonymous_33)
FNDA:0,(anonymous_34)
FNDA:0,(anonymous_35)
FNDA:0,(anonymous_36)
FNDA:0,(anonymous_37)
FNDA:0,(anonymous_38)
FNDA:0,(anonymous_39)
FNDA:0,(anonymous_40)
FNDA:0,(anonymous_41)
FNDA:0,(anonymous_42)
FNDA:0,(anonymous_43)
FNDA:0,(anonymous_44)
FNDA:0,(anonymous_45)
FNDA:0,(anonymous_46)
FNDA:0,(anonymous_47)
FNDA:0,(anonymous_48)
FNDA:0,(anonymous_49)
FNDA:0,(anonymous_50)
FNDA:0,(anonymous_51)
FNDA:0,(anonymous_52)
FNDA:0,(anonymous_53)
FNDA:0,(anonymous_54)
FNDA:0,(anonymous_55)
FNDA:0,(anonymous_56)
FNDA:0,(anonymous_57)
FNDA:0,(anonymous_58)
FNDA:0,(anonymous_59)
FNDA:0,(anonymous_60)
FNDA:0,(anonymous_61)
FNDA:0,(anonymous_62)
FNDA:0,(anonymous_63)
FNDA:0,(anonymous_64)
FNDA:0,(anonymous_65)
FNDA:0,(anonymous_66)
FNDA:0,(anonymous_67)
FNDA:0,(anonymous_68)
FNDA:0,(anonymous_69)
FNDA:0,(anonymous_70)
FNDA:0,(anonymous_71)
FNDA:0,(anonymous_72)
FNDA:0,(anonymous_73)
FNDA:0,(anonymous_74)
FNDA:0,(anonymous_75)
FNDA:0,(anonymous_76)
DA:12,0
DA:15,0
DA:16,0
DA:20,0
DA:31,0
DA:32,0
DA:33,0
DA:35,0
DA:36,0
DA:37,0
DA:39,0
DA:45,0
DA:50,0
DA:56,0
DA:58,0
DA:62,0
DA:66,0
DA:70,0
DA:71,0
DA:82,0
DA:83,0
DA:84,0
DA:88,0
DA:89,0
DA:90,0
DA:91,0
DA:92,0
DA:93,0
DA:100,0
DA:102,0
DA:106,0
DA:110,0
DA:114,0
DA:118,0
DA:119,0
DA:132,0
DA:133,0
DA:134,0
DA:138,0
DA:139,0
DA:140,0
DA:141,0
DA:146,0
DA:147,0
DA:151,0
DA:153,0
DA:154,0
DA:155,0
DA:156,0
DA:158,0
DA:162,0
DA:164,0
DA:165,0
DA:166,0
DA:167,0
DA:168,0
DA:171,0
DA:172,0
DA:173,0
DA:177,0
DA:184,0
DA:186,0
DA:190,0
DA:194,0
DA:198,0
DA:202,0
DA:206,0
DA:207,0
DA:213,0
DA:214,0
DA:220,0
DA:221,0
DA:222,0
DA:242,0
DA:243,0
DA:244,0
DA:248,0
DA:249,0
DA:250,0
DA:251,0
DA:252,0
DA:253,0
DA:260,0
DA:262,0
DA:263,0
DA:267,0
DA:268,0
DA:273,0
DA:274,0
DA:275,0
DA:282,0
DA:284,0
DA:285,0
DA:289,0
DA:290,0
DA:291,0
DA:296,0
DA:297,0
DA:302,0
DA:303,0
DA:304,0
DA:311,0
DA:313,0
DA:314,0
DA:315,0
DA:316,0
DA:320,0
DA:324,0
DA:325,0
DA:330,0
DA:331,0
DA:332,0
DA:336,0
DA:337,0
DA:338,0
DA:339,0
DA:340,0
DA:348,0
DA:350,0
DA:351,0
DA:352,0
DA:353,0
DA:354,0
DA:356,0
DA:357,0
DA:358,0
DA:360,0
DA:362,0
DA:364,0
DA:366,0
DA:369,0
DA:371,0
DA:374,0
DA:377,0
DA:379,0
DA:382,0
DA:386,0
DA:387,0
DA:388,0
DA:390,0
DA:397,0
LF:141
LH:0
BRDA:15,0,0,0
BRDA:15,0,1,0
BRDA:31,1,0,0
BRDA:31,1,1,0
BRDA:90,2,0,0
BRDA:90,2,1,0
BRDA:140,3,0,0
BRDA:140,3,1,0
BRDA:153,4,0,0
BRDA:153,4,1,0
BRDA:156,5,0,0
BRDA:156,5,1,0
BRDA:156,5,2,0
BRDA:162,6,0,0
BRDA:162,6,1,0
BRDA:171,7,0,0
BRDA:171,7,1,0
BRDA:207,8,0,0
BRDA:207,8,1,0
BRDA:214,9,0,0
BRDA:214,9,1,0
BRDA:250,10,0,0
BRDA:250,10,1,0
BRDA:291,11,0,0
BRDA:291,11,1,0
BRDA:338,12,0,0
BRDA:338,12,1,0
BRDA:371,13,0,0
BRDA:371,13,1,0
BRDA:386,14,0,0
BRDA:386,14,1,0
BRDA:388,15,0,0
BRDA:388,15,1,0
BRF:33
BRH:0
end_of_record
TN:
SF:lib\hooks\useAuth.tsx
FN:23,AuthProvider
FN:29,(anonymous_1)
FN:42,(anonymous_2)
FN:49,(anonymous_3)
FN:64,useAuth
FNF:5
FNH:0
FNDA:0,AuthProvider
FNDA:0,(anonymous_1)
FNDA:0,(anonymous_2)
FNDA:0,(anonymous_3)
FNDA:0,useAuth
DA:21,0
DA:24,0
DA:25,0
DA:26,0
DA:27,0
DA:29,0
DA:31,0
DA:32,0
DA:34,0
DA:35,0
DA:36,0
DA:39,0
DA:42,0
DA:43,0
DA:44,0
DA:45,0
DA:46,0
DA:49,0
DA:50,0
DA:51,0
DA:52,0
DA:53,0
DA:54,0
DA:57,0
DA:65,0
DA:66,0
DA:67,0
DA:69,0
LF:28
LH:0
BRDA:34,0,0,0
BRDA:34,0,1,0
BRDA:34,1,0,0
BRDA:34,1,1,0
BRDA:66,2,0,0
BRDA:66,2,1,0
BRF:6
BRH:0
end_of_record
TN:
SF:lib\mock\data.ts
FN:490,(anonymous_0)
FN:490,(anonymous_1)
FN:493,getAvatars
FN:495,(anonymous_3)
FN:499,getAvatarById
FN:501,(anonymous_5)
FN:505,getRecommendedAvatars
FN:508,(anonymous_7)
FN:509,(anonymous_8)
FN:514,getUserOrders
FN:516,(anonymous_10)
FN:520,getUserTransactions
FN:522,(anonymous_12)
FN:526,getUserMessages
FN:528,(anonymous_14)
FN:532,searchAvatars
FN:535,(anonymous_16)
FN:539,(anonymous_17)
FN:545,getStats
FN:551,login
FN:553,(anonymous_20)
FNF:21
FNH:0
FNDA:0,(anonymous_0)
FNDA:0,(anonymous_1)
FNDA:0,getAvatars
FNDA:0,(anonymous_3)
FNDA:0,getAvatarById
FNDA:0,(anonymous_5)
FNDA:0,getRecommendedAvatars
FNDA:0,(anonymous_7)
FNDA:0,(anonymous_8)
FNDA:0,getUserOrders
FNDA:0,(anonymous_10)
FNDA:0,getUserTransactions
FNDA:0,(anonymous_12)
FNDA:0,getUserMessages
FNDA:0,(anonymous_14)
FNDA:0,searchAvatars
FNDA:0,(anonymous_16)
FNDA:0,(anonymous_17)
FNDA:0,getStats
FNDA:0,login
FNDA:0,(anonymous_20)
DA:11,1
DA:68,1
DA:204,1
DA:276,1
DA:325,1
DA:387,1
DA:427,1
DA:474,1
DA:490,1
DA:494,0
DA:495,0
DA:500,0
DA:501,0
DA:506,0
DA:507,0
DA:508,0
DA:509,0
DA:515,0
DA:516,0
DA:521,0
DA:522,0
DA:527,0
DA:528,0
DA:533,0
DA:534,0
DA:535,0
DA:536,0
DA:539,0
DA:546,0
DA:547,0
DA:552,0
DA:553,0
DA:554,0
LF:33
LH:9
BRDA:505,0,0,0
BRDA:516,1,0,0
BRDA:516,1,1,0
BRDA:528,2,0,0
BRDA:528,2,1,0
BRDA:536,3,0,0
BRDA:536,3,1,0
BRDA:536,3,2,0
BRDA:536,3,3,0
BRDA:554,4,0,0
BRDA:554,4,1,0
BRF:11
BRH:0
end_of_record
TN:
SF:lib\store\index.ts
FN:50,(anonymous_0)
FN:58,(anonymous_1)
FN:60,(anonymous_2)
FN:66,(anonymous_3)
FN:66,(anonymous_4)
FN:70,(anonymous_5)
FN:70,(anonymous_6)
FN:75,(anonymous_7)
FN:75,(anonymous_8)
FN:79,(anonymous_9)
FN:79,(anonymous_10)
FN:80,(anonymous_11)
FN:83,(anonymous_12)
FN:83,(anonymous_13)
FN:84,(anonymous_14)
FN:89,(anonymous_15)
FN:99,(anonymous_16)
FN:100,(anonymous_17)
FN:101,(anonymous_18)
FN:102,(anonymous_19)
FNF:20
FNH:2
FNDA:1,(anonymous_0)
FNDA:0,(anonymous_1)
FNDA:0,(anonymous_2)
FNDA:0,(anonymous_3)
FNDA:0,(anonymous_4)
FNDA:0,(anonymous_5)
FNDA:0,(anonymous_6)
FNDA:0,(anonymous_7)
FNDA:0,(anonymous_8)
FNDA:0,(anonymous_9)
FNDA:0,(anonymous_10)
FNDA:0,(anonymous_11)
FNDA:0,(anonymous_12)
FNDA:0,(anonymous_13)
FNDA:0,(anonymous_14)
FNDA:8,(anonymous_15)
FNDA:0,(anonymous_16)
FNDA:0,(anonymous_17)
FNDA:0,(anonymous_18)
FNDA:0,(anonymous_19)
DA:48,1
DA:50,1
DA:58,0
DA:60,0
DA:66,0
DA:70,0
DA:75,0
DA:79,0
DA:80,0
DA:83,0
DA:84,0
DA:89,8
DA:99,1
DA:100,1
DA:101,1
DA:102,0
LF:16
LH:6
BRDA:67,0,0,0
BRDA:67,0,1,0
BRF:2
BRH:0
end_of_record
TN:
SF:lib\types\index.ts
FNF:0
FNH:0
LF:0
LH:0
BRF:0
BRH:0
end_of_record
TN:
SF:lib\utils\index.ts
FN:8,cn
FN:13,formatPrice
FN:18,formatDate
FN:27,formatDateTime
FN:39,formatRelativeTime
FN:56,generateId
FN:61,truncate
FNF:7
FNH:0
FNDA:0,cn
FNDA:0,formatPrice
FNDA:0,formatDate
FNDA:0,formatDateTime
FNDA:0,formatRelativeTime
FNDA:0,generateId
FNDA:0,truncate
DA:9,0
DA:14,0
DA:19,0
DA:20,0
DA:28,0
DA:29,0
DA:40,0
DA:41,0
DA:42,0
DA:44,0
DA:45,0
DA:46,0
DA:48,0
DA:49,0
DA:50,0
DA:51,0
DA:52,0
DA:57,0
DA:62,0
DA:63,0
DA:67,0
DA:81,0
DA:88,0
DA:97,0
LF:24
LH:0
BRDA:19,0,0,0
BRDA:19,0,1,0
BRDA:28,1,0,0
BRDA:28,1,1,0
BRDA:40,2,0,0
BRDA:40,2,1,0
BRDA:48,3,0,0
BRDA:48,3,1,0
BRDA:49,4,0,0
BRDA:49,4,1,0
BRDA:50,5,0,0
BRDA:50,5,1,0
BRDA:51,6,0,0
BRDA:51,6,1,0
BRDA:62,7,0,0
BRDA:62,7,1,0
BRF:16
BRH:0
end_of_record
